<?xml version="1.0" encoding="UTF-8"?>
<!-- Generated by org.testng.reporters.JUnitReportReporter -->
<testsuite hostname="LAPTOP-D7OSHBCM" failures="0" tests="1" name="com.crm.PRACTICE.HandleNextCalendar" time="124.118" errors="0" timestamp="2022-03-09T15:23:10 IST" skipped="0">
  <testcase classname="com.crm.PRACTICE.HandleNextCalendar" name="calendar" time="124.118"/>
  <system-out/>
</testsuite> <!-- com.crm.PRACTICE.HandleNextCalendar -->
