<?xml version="1.0" encoding="UTF-8"?>
<!-- Generated by org.testng.reporters.JUnitReportReporter -->
<testsuite hostname="Kavyashree" failures="0" tests="1" name="com.crm.OrganizationTests.CreateOrgWithIndTypeTest" time="30.632" errors="0" timestamp="2022-03-16T16:58:52 IST" skipped="0">
  <testcase classname="com.crm.OrganizationTests.CreateOrgWithIndTypeTest" name="createOrgWithIndTypeTest" time="30.632"/>
  <system-out/>
</testsuite> <!-- com.crm.OrganizationTests.CreateOrgWithIndTypeTest -->
