<?xml version="1.0" encoding="UTF-8"?>
<!-- Generated by org.testng.reporters.JUnitReportReporter -->
<testsuite hostname="LAPTOP-D7OSHBCM" failures="0" tests="1" name="com.crm.OppurtunitiesTests.CreateOppurtunitiesTest" time="64.916" errors="0" timestamp="2022-03-04T13:27:24 IST" skipped="0">
  <testcase classname="com.crm.OppurtunitiesTests.CreateOppurtunitiesTest" name="createOppurtunitiesTest" time="64.916"/>
  <system-out>
    <![CDATA[createOppurtunitiesTest----testscript execution started
createOppurtunitiesTest----testscript execution sucessfull-PASS]]>
  </system-out>
</testsuite> <!-- com.crm.OppurtunitiesTests.CreateOppurtunitiesTest -->
