<?xml version="1.0" encoding="UTF-8"?>
<!-- Generated by org.testng.reporters.JUnitReportReporter -->
<testsuite hostname="LAPTOP-D7OSHBCM" failures="0" tests="1" name="com.crm.PRACTICE.CheckBoxTest" time="25.373" errors="0" timestamp="2022-03-08T15:26:47 IST" skipped="0">
  <testcase classname="com.crm.PRACTICE.CheckBoxTest" name="contact" time="25.373"/>
  <system-out/>
</testsuite> <!-- com.crm.PRACTICE.CheckBoxTest -->
