<?xml version="1.0" encoding="UTF-8"?>
<!-- Generated by org.testng.reporters.JUnitReportReporter -->
<testsuite hostname="LAPTOP-D7OSHBCM" failures="0" tests="6" name="com.crm.PRACTICE.DataProviderPractice1" time="0.026" errors="0" timestamp="2022-02-28T15:46:15 IST" skipped="0">
  <testcase classname="com.crm.PRACTICE.DataProviderPractice1" name="sampleDataProvider" time="0.001"/>
  <system-out/>
  <testcase classname="com.crm.PRACTICE.DataProviderPractice1" name="sampleDataProvider" time="0.002"/>
  <system-out/>
  <testcase classname="com.crm.PRACTICE.DataProviderPractice1" name="sampleDataProvider" time="0.006"/>
  <system-out/>
  <testcase classname="com.crm.PRACTICE.DataProviderPractice1" name="sampleDataProvider" time="0.002"/>
  <system-out/>
  <testcase classname="com.crm.PRACTICE.DataProviderPractice1" name="sampleDataProvider" time="0.008"/>
  <system-out/>
  <testcase classname="com.crm.PRACTICE.DataProviderPractice1" name="sampleDataProvider" time="0.007"/>
  <system-out/>
</testsuite> <!-- com.crm.PRACTICE.DataProviderPractice1 -->
