<?xml version="1.0" encoding="UTF-8"?>
<!-- Generated by org.testng.reporters.JUnitReportReporter -->
<testsuite hostname="LAPTOP-D7OSHBCM" failures="0" tests="1" name="com.crm.ProductsTests.CreateCampaignProductTest" time="44.215" errors="0" timestamp="2022-02-18T17:27:26 IST" skipped="0">
  <testcase classname="com.crm.ProductsTests.CreateCampaignProductTest" name="createCampaignProductTest" time="44.215"/>
  <system-out/>
</testsuite> <!-- com.crm.ProductsTests.CreateCampaignProductTest -->
