<?xml version="1.0" encoding="UTF-8"?>
<!-- Generated by org.testng.reporters.JUnitReportReporter -->
<testsuite hostname="LAPTOP-D7OSHBCM" failures="0" tests="1" name="com.crm.PRACTICE.GoibiboCalendarTest" time="50.001" errors="0" timestamp="2022-03-09T16:49:08 IST" skipped="0">
  <testcase classname="com.crm.PRACTICE.GoibiboCalendarTest" name="goibibo" time="50.001"/>
  <system-out/>
</testsuite> <!-- com.crm.PRACTICE.GoibiboCalendarTest -->
