<?xml version="1.0" encoding="UTF-8"?>
<!-- Generated by org.testng.reporters.JUnitReportReporter -->
<testsuite hostname="LAPTOP-D7OSHBCM" failures="0" tests="1" name="com.crm.PRACTICE.HandleCalenderPopUpTest" time="18.305" errors="0" timestamp="2022-03-09T15:07:20 IST" skipped="0">
  <testcase classname="com.crm.PRACTICE.HandleCalenderPopUpTest" name="calenderPopUp" time="18.305"/>
  <system-out/>
</testsuite> <!-- com.crm.PRACTICE.HandleCalenderPopUpTest -->
