<?xml version="1.0" encoding="UTF-8"?>
<!-- Generated by org.testng.reporters.JUnitReportReporter -->
<testsuite hostname="LAPTOP-D7OSHBCM" failures="0" tests="1" name="com.crm.PRACTICE.PracticeForGenericLibrary" time="0.584" errors="0" timestamp="2022-02-21T17:42:57 IST" skipped="0">
  <testcase classname="com.crm.PRACTICE.PracticeForGenericLibrary" name="praticeForGenericLibrary" time="0.584"/>
  <system-out/>
</testsuite> <!-- com.crm.PRACTICE.PracticeForGenericLibrary -->
