<?xml version="1.0" encoding="UTF-8"?>
<!-- Generated by org.testng.reporters.JUnitReportReporter -->
<testsuite hostname="LAPTOP-D7OSHBCM" failures="0" tests="2" name="com.crm.PRACTICE.BaseClassPractice" time="0.010" errors="0" timestamp="2022-03-01T15:29:48 IST" skipped="0">
  <testcase classname="com.crm.PRACTICE.BaseClassPractice" name="actualTest" time="0.007"/>
  <system-out/>
  <testcase classname="com.crm.PRACTICE.BaseClassPractice" name="actualTest1" time="0.003"/>
  <system-out/>
</testsuite> <!-- com.crm.PRACTICE.BaseClassPractice -->
