<?xml version="1.0" encoding="UTF-8"?>
<!-- Generated by org.testng.reporters.JUnitReportReporter -->
<testsuite hostname="Kavyashree" failures="0" tests="1" name="com.crm.OrganizationTests.CreateOrgDropDownTest" time="18.736" errors="0" timestamp="2022-03-16T17:34:27 IST" skipped="0">
  <testcase classname="com.crm.OrganizationTests.CreateOrgDropDownTest" name="createOrgDropDown" time="18.736"/>
  <system-out/>
</testsuite> <!-- com.crm.OrganizationTests.CreateOrgDropDownTest -->
