<?xml version="1.0" encoding="UTF-8"?>
<!-- Generated by org.testng.reporters.JUnitReportReporter -->
<testsuite hostname="LAPTOP-D7OSHBCM" failures="0" tests="6" name="com.crm.PRACTICE.DataProviderContact" time="151.008" errors="0" timestamp="2022-03-01T16:33:58 IST" skipped="0">
  <testcase classname="com.crm.PRACTICE.DataProviderContact" name="createOrgWithMltipleData" time="25.649"/>
  <system-out>
    <![CDATA[login successful
navigated to contact link
click on create contact link
create org with insustry type
verification successful]]>
  </system-out>
  <testcase classname="com.crm.PRACTICE.DataProviderContact" name="createOrgWithMltipleData" time="24.285"/>
  <system-out>
    <![CDATA[login successful
navigated to contact link
click on create contact link
create org with insustry type
verification successful]]>
  </system-out>
  <testcase classname="com.crm.PRACTICE.DataProviderContact" name="createOrgWithMltipleData" time="20.734"/>
  <system-out>
    <![CDATA[login successful
navigated to contact link
click on create contact link
create org with insustry type
verification successful]]>
  </system-out>
  <testcase classname="com.crm.PRACTICE.DataProviderContact" name="createOrgWithMltipleData" time="37.058"/>
  <system-out>
    <![CDATA[login successful
navigated to contact link
click on create contact link
create org with insustry type
verification successful]]>
  </system-out>
  <testcase classname="com.crm.PRACTICE.DataProviderContact" name="createOrgWithMltipleData" time="20.066"/>
  <system-out>
    <![CDATA[login successful
navigated to contact link
click on create contact link
create org with insustry type
verification successful]]>
  </system-out>
  <testcase classname="com.crm.PRACTICE.DataProviderContact" name="createOrgWithMltipleData" time="23.216"/>
  <system-out>
    <![CDATA[login successful
navigated to contact link
click on create contact link
create org with insustry type
verification successful]]>
  </system-out>
</testsuite> <!-- com.crm.PRACTICE.DataProviderContact -->
