<?xml version="1.0" encoding="UTF-8"?>
<!-- Generated by org.testng.reporters.JUnitReportReporter -->
<testsuite hostname="LAPTOP-D7OSHBCM" failures="0" tests="1" name="practice.CreateOrgDropDownTest" time="25.404" errors="0" timestamp="2022-02-27T19:27:57 IST" skipped="0">
  <testcase classname="practice.CreateOrgDropDownTest" name="createOrgDropDown" time="25.404"/>
  <system-out/>
</testsuite> <!-- practice.CreateOrgDropDownTest -->
