<?xml version="1.0" encoding="UTF-8"?>
<!-- Generated by org.testng.reporters.JUnitReportReporter -->
<testsuite hostname="LAPTOP-D7OSHBCM" failures="0" tests="1" name="com.crm.OrganizationTests.CreateOrganizationWithPropertyFileTest1" time="22.778" errors="0" timestamp="2022-02-17T22:56:46 IST" skipped="0">
  <testcase classname="com.crm.OrganizationTests.CreateOrganizationWithPropertyFileTest1" name="createOrganizationTest1" time="22.778"/>
  <system-out/>
</testsuite> <!-- com.crm.OrganizationTests.CreateOrganizationWithPropertyFileTest1 -->
