<?xml version="1.0" encoding="UTF-8"?>
<!-- Generated by org.testng.reporters.JUnitReportReporter -->
<testsuite hostname="LAPTOP-D7OSHBCM" failures="0" tests="2" name="com.crm.PRACTICE.PracticeTestNG" time="0.012" errors="0" timestamp="2022-02-28T12:23:14 IST" skipped="0">
  <testcase classname="com.crm.PRACTICE.PracticeTestNG" name="createOrg" time="0.009"/>
  <system-out/>
  <testcase classname="com.crm.PRACTICE.PracticeTestNG" name="modifyOrg" time="0.003"/>
  <system-out/>
</testsuite> <!-- com.crm.PRACTICE.PracticeTestNG -->
