<?xml version="1.0" encoding="UTF-8"?>
<!-- Generated by org.testng.reporters.JUnitReportReporter -->
<testsuite hostname="LAPTOP-D7OSHBCM" failures="0" tests="6" name="com.crm.OrganizationTests.CreateOrgWithMultipleDataTest" time="232.498" errors="0" timestamp="2022-03-01T12:22:42 IST" skipped="0">
  <testcase classname="com.crm.OrganizationTests.CreateOrgWithMultipleDataTest" name="createOrgWithMltipleData" time="44.307"/>
  <system-out>
    <![CDATA[login successful
navigated to org link
click on create org link
create org with insustry type
verification successful]]>
  </system-out>
  <testcase classname="com.crm.OrganizationTests.CreateOrgWithMultipleDataTest" name="createOrgWithMltipleData" time="34.758"/>
  <system-out>
    <![CDATA[login successful
navigated to org link
click on create org link
create org with insustry type
verification successful]]>
  </system-out>
  <testcase classname="com.crm.OrganizationTests.CreateOrgWithMultipleDataTest" name="createOrgWithMltipleData" time="34.326"/>
  <system-out>
    <![CDATA[login successful
navigated to org link
click on create org link
create org with insustry type
verification successful]]>
  </system-out>
  <testcase classname="com.crm.OrganizationTests.CreateOrgWithMultipleDataTest" name="createOrgWithMltipleData" time="41.361"/>
  <system-out>
    <![CDATA[login successful
navigated to org link
click on create org link
create org with insustry type
verification successful]]>
  </system-out>
  <testcase classname="com.crm.OrganizationTests.CreateOrgWithMultipleDataTest" name="createOrgWithMltipleData" time="35.094"/>
  <system-out>
    <![CDATA[login successful
navigated to org link
click on create org link
create org with insustry type
verification successful]]>
  </system-out>
  <testcase classname="com.crm.OrganizationTests.CreateOrgWithMultipleDataTest" name="createOrgWithMltipleData" time="42.652"/>
  <system-out>
    <![CDATA[login successful
navigated to org link
click on create org link
create org with insustry type
verification successful]]>
  </system-out>
</testsuite> <!-- com.crm.OrganizationTests.CreateOrgWithMultipleDataTest -->
