<?xml version="1.0" encoding="UTF-8"?>
<!-- Generated by org.testng.reporters.JUnitReportReporter -->
<testsuite hostname="LAPTOP-D7OSHBCM" failures="0" tests="1" name="com.crm.PRACTICE.WriteDataIntoExcelSheetTest" time="0.969" errors="0" timestamp="2022-02-17T17:52:43 IST" skipped="0">
  <testcase classname="com.crm.PRACTICE.WriteDataIntoExcelSheetTest" name="writeDataIntoExcelSheetTest" time="0.969"/>
  <system-out/>
</testsuite> <!-- com.crm.PRACTICE.WriteDataIntoExcelSheetTest -->
